com.aware.plugin.estimote/build/outputs/logs/manifest-merger-debug-report.txt
-- Merging decision tree log ---
provider#com.aware.plugin.estimote.Provider
INJECTED from src/main/AndroidManifest.xml:33:9-38:70
	android:readPermission
		ADDED from src/main/AndroidManifest.xml:37:13-65
	android:authorities
		INJECTED from src/main/AndroidManifest.xml
		ADDED from src/main/AndroidManifest.xml:35:13-69
	android:exported
		ADDED from src/main/AndroidManifest.xml:36:13-36
	android:writePermission
		ADDED from src/main/AndroidManifest.xml:38:13-67
	android:name
		ADDED from src/main/AndroidManifest.xml:34:13-62
manifest
ADDED from src/main/AndroidManifest.xml:2:1-49:12
INJECTED from src/main/AndroidManifest.xml:2:1-49:12
INJECTED from src/main/AndroidManifest.xml:2:1-49:12
INJECTED from src/main/AndroidManifest.xml:2:1-49:12
MERGED from [com.github.denzilferreira:aware-client:development-SNAPSHOT] AndroidManifest.xml:2:1-477:12
MERGED from [com.android.support:appcompat-v7:26.0.2] AndroidManifest.xml:17:1-31:12
MERGED from [com.android.support:gridlayout-v7:26.0.2] AndroidManifest.xml:17:1-28:12
MERGED from [com.estimote:sdk:0.11.1] AndroidManifest.xml:2:1-39:12
MERGED from [com.android.support:animated-vector-drawable:26.0.2] AndroidManifest.xml:17:1-28:12
MERGED from [com.android.support:support-vector-drawable:26.0.2] AndroidManifest.xml:17:1-28:12
MERGED from [com.android.support:support-v4:26.0.2] AndroidManifest.xml:17:1-31:12
MERGED from [com.android.support:support-fragment:26.0.2] AndroidManifest.xml:17:1-31:12
MERGED from [com.android.support:support-core-ui:26.0.2] AndroidManifest.xml:17:1-31:12
MERGED from [com.android.support:support-media-compat:26.0.2] AndroidManifest.xml:17:1-31:12
MERGED from [com.android.support:support-core-utils:26.0.2] AndroidManifest.xml:17:1-31:12
MERGED from [com.android.support:support-compat:26.0.2] AndroidManifest.xml:17:1-31:12
INJECTED from src/main/AndroidManifest.xml:2:1-49:12
INJECTED from src/main/AndroidManifest.xml:2:1-49:12
INJECTED from src/main/AndroidManifest.xml:2:1-49:12
	package
		ADDED from src/main/AndroidManifest.xml:4:5-40
		INJECTED from src/main/AndroidManifest.xml
		INJECTED from src/main/AndroidManifest.xml
	android:versionName
		INJECTED from src/main/AndroidManifest.xml
		ADDED from src/main/AndroidManifest.xml:2:1-49:12
		INJECTED from src/main/AndroidManifest.xml
	xmlns:tools
		ADDED from src/main/AndroidManifest.xml:3:5-51
	android:versionCode
		INJECTED from src/main/AndroidManifest.xml
		ADDED from src/main/AndroidManifest.xml:2:1-49:12
		INJECTED from src/main/AndroidManifest.xml
	xmlns:android
		ADDED from src/main/AndroidManifest.xml:2:11-69
uses-permission#android.permission.ACCESS_WIFI_STATE
ADDED from src/main/AndroidManifest.xml:6:5-76
	android:name
		ADDED from src/main/AndroidManifest.xml:6:22-73
uses-permission#android.permission.ACCESS_FINE_LOCATION
ADDED from src/main/AndroidManifest.xml:7:5-79
	android:name
		ADDED from src/main/AndroidManifest.xml:7:22-76
uses-permission#android.permission.ACCESS_COARSE_LOCATION
ADDED from src/main/AndroidManifest.xml:8:5-81
	android:name
		ADDED from src/main/AndroidManifest.xml:8:22-78
uses-permission#android.permission.READ_EXTERNAL_STORAGE
ADDED from src/main/AndroidManifest.xml:9:5-80
	android:name
		ADDED from src/main/AndroidManifest.xml:9:22-77
uses-permission#android.permission.WRITE_EXTERNAL_STORAGE
ADDED from src/main/AndroidManifest.xml:10:5-81
MERGED from [com.github.denzilferreira:aware-client:development-SNAPSHOT] AndroidManifest.xml:13:5-81
MERGED from [com.github.denzilferreira:aware-client:development-SNAPSHOT] AndroidManifest.xml:13:5-81
	android:name
		ADDED from src/main/AndroidManifest.xml:10:22-78
uses-permission#android.permission.BLUETOOTH
ADDED from src/main/AndroidManifest.xml:11:5-68
MERGED from [com.estimote:sdk:0.11.1] AndroidManifest.xml:10:5-68
MERGED from [com.estimote:sdk:0.11.1] AndroidManifest.xml:10:5-68
	android:name
		ADDED from src/main/AndroidManifest.xml:11:22-65
uses-permission#android.permission.BLUETOOTH_ADMIN
ADDED from src/main/AndroidManifest.xml:12:5-74
MERGED from [com.estimote:sdk:0.11.1] AndroidManifest.xml:11:5-74
MERGED from [com.estimote:sdk:0.11.1] AndroidManifest.xml:11:5-74
	android:name
		ADDED from src/main/AndroidManifest.xml:12:22-71
uses-permission#android.permission.WRITE_SYNC_SETTINGS
ADDED from src/main/AndroidManifest.xml:14:5-78
MERGED from [com.github.denzilferreira:aware-client:development-SNAPSHOT] AndroidManifest.xml:20:5-78
MERGED from [com.github.denzilferreira:aware-client:development-SNAPSHOT] AndroidManifest.xml:20:5-78
	android:name
		ADDED from src/main/AndroidManifest.xml:14:22-75
application
ADDED from src/main/AndroidManifest.xml:16:5-48:19
MERGED from [com.github.denzilferreira:aware-client:development-SNAPSHOT] AndroidManifest.xml:32:5-475:19
MERGED from [com.github.denzilferreira:aware-client:development-SNAPSHOT] AndroidManifest.xml:32:5-475:19
MERGED from [com.android.support:appcompat-v7:26.0.2] AndroidManifest.xml:25:5-29:19
MERGED from [com.android.support:appcompat-v7:26.0.2] AndroidManifest.xml:25:5-29:19
MERGED from [com.android.support:gridlayout-v7:26.0.2] AndroidManifest.xml:22:5-26:19
MERGED from [com.android.support:gridlayout-v7:26.0.2] AndroidManifest.xml:22:5-26:19
MERGED from [com.estimote:sdk:0.11.1] AndroidManifest.xml:22:5-37:19
MERGED from [com.estimote:sdk:0.11.1] AndroidManifest.xml:22:5-37:19
MERGED from [com.android.support:animated-vector-drawable:26.0.2] AndroidManifest.xml:22:5-26:19
MERGED from [com.android.support:animated-vector-drawable:26.0.2] AndroidManifest.xml:22:5-26:19
MERGED from [com.android.support:support-vector-drawable:26.0.2] AndroidManifest.xml:22:5-26:19
MERGED from [com.android.support:support-vector-drawable:26.0.2] AndroidManifest.xml:22:5-26:19
MERGED from [com.android.support:support-v4:26.0.2] AndroidManifest.xml:25:5-29:19
MERGED from [com.android.support:support-v4:26.0.2] AndroidManifest.xml:25:5-29:19
MERGED from [com.android.support:support-fragment:26.0.2] AndroidManifest.xml:25:5-29:19
MERGED from [com.android.support:support-fragment:26.0.2] AndroidManifest.xml:25:5-29:19
MERGED from [com.android.support:support-core-ui:26.0.2] AndroidManifest.xml:25:5-29:19
MERGED from [com.android.support:support-core-ui:26.0.2] AndroidManifest.xml:25:5-29:19
MERGED from [com.android.support:support-media-compat:26.0.2] AndroidManifest.xml:25:5-29:19
MERGED from [com.android.support:support-media-compat:26.0.2] AndroidManifest.xml:25:5-29:19
MERGED from [com.android.support:support-core-utils:26.0.2] AndroidManifest.xml:25:5-29:19
MERGED from [com.android.support:support-core-utils:26.0.2] AndroidManifest.xml:25:5-29:19
MERGED from [com.android.support:support-compat:26.0.2] AndroidManifest.xml:25:5-29:19
MERGED from [com.android.support:support-compat:26.0.2] AndroidManifest.xml:25:5-29:19
	android:label
		ADDED from src/main/AndroidManifest.xml:18:9-41
		REJECTED from [com.github.denzilferreira:aware-client:development-SNAPSHOT] AndroidManifest.xml:33:9-41
	android:icon
		ADDED from src/main/AndroidManifest.xml:17:9-45
	android:networkSecurityConfig
		ADDED from [com.github.denzilferreira:aware-client:development-SNAPSHOT] AndroidManifest.xml:34:9-62
	tools:replace
		ADDED from src/main/AndroidManifest.xml:19:9-52
service#com.aware.plugin.estimote.Plugin
ADDED from src/main/AndroidManifest.xml:23:9-26:47
	android:label
		ADDED from src/main/AndroidManifest.xml:26:13-44
	android:exported
		ADDED from src/main/AndroidManifest.xml:25:13-36
	android:name
		ADDED from src/main/AndroidManifest.xml:24:13-60
activity#com.aware.plugin.estimote.Settings
ADDED from src/main/AndroidManifest.xml:28:9-30:39
	android:exported
		ADDED from src/main/AndroidManifest.xml:30:13-36
	android:name
		ADDED from src/main/AndroidManifest.xml:29:13-62
service#com.aware.plugin.estimote.syncadapters.Template_Sync.Template_Sync
ADDED from src/main/AndroidManifest.xml:40:9-47:19
	android:exported
		ADDED from src/main/AndroidManifest.xml:42:13-36
	android:name
		ADDED from src/main/AndroidManifest.xml:41:13-94
intent-filter#android.content.SyncAdapter
ADDED from src/main/AndroidManifest.xml:43:13-45:29
action#android.content.SyncAdapter
ADDED from src/main/AndroidManifest.xml:44:17-70
	android:name
		ADDED from src/main/AndroidManifest.xml:44:25-67
meta-data#android.content.SyncAdapter
ADDED from src/main/AndroidManifest.xml:46:13-107
	android:resource
		ADDED from src/main/AndroidManifest.xml:46:67-104
	android:name
		ADDED from src/main/AndroidManifest.xml:46:24-66
uses-sdk
INJECTED from src/main/AndroidManifest.xml reason: use-sdk injection requested
INJECTED from src/main/AndroidManifest.xml
INJECTED from src/main/AndroidManifest.xml
MERGED from [com.github.denzilferreira:aware-client:development-SNAPSHOT] AndroidManifest.xml:7:5-9:41
MERGED from [com.github.denzilferreira:aware-client:development-SNAPSHOT] AndroidManifest.xml:7:5-9:41
MERGED from [com.android.support:appcompat-v7:26.0.2] AndroidManifest.xml:21:5-23:78
MERGED from [com.android.support:appcompat-v7:26.0.2] AndroidManifest.xml:21:5-23:78
MERGED from [com.android.support:gridlayout-v7:26.0.2] AndroidManifest.xml:20:5-44
MERGED from [com.android.support:gridlayout-v7:26.0.2] AndroidManifest.xml:20:5-44
MERGED from [com.estimote:sdk:0.11.1] AndroidManifest.xml:7:5-43
MERGED from [com.estimote:sdk:0.11.1] AndroidManifest.xml:7:5-43
MERGED from [com.android.support:animated-vector-drawable:26.0.2] AndroidManifest.xml:20:5-44
MERGED from [com.android.support:animated-vector-drawable:26.0.2] AndroidManifest.xml:20:5-44
MERGED from [com.android.support:support-vector-drawable:26.0.2] AndroidManifest.xml:20:5-44
MERGED from [com.android.support:support-vector-drawable:26.0.2] AndroidManifest.xml:20:5-44
MERGED from [com.android.support:support-v4:26.0.2] AndroidManifest.xml:21:5-23:54
MERGED from [com.android.support:support-v4:26.0.2] AndroidManifest.xml:21:5-23:54
MERGED from [com.android.support:support-fragment:26.0.2] AndroidManifest.xml:21:5-23:60
MERGED from [com.android.support:support-fragment:26.0.2] AndroidManifest.xml:21:5-23:60
MERGED from [com.android.support:support-core-ui:26.0.2] AndroidManifest.xml:21:5-23:58
MERGED from [com.android.support:support-core-ui:26.0.2] AndroidManifest.xml:21:5-23:58
MERGED from [com.android.support:support-media-compat:26.0.2] AndroidManifest.xml:21:5-23:63
MERGED from [com.android.support:support-media-compat:26.0.2] AndroidManifest.xml:21:5-23:63
MERGED from [com.android.support:support-core-utils:26.0.2] AndroidManifest.xml:21:5-23:61
MERGED from [com.android.support:support-core-utils:26.0.2] AndroidManifest.xml:21:5-23:61
MERGED from [com.android.support:support-compat:26.0.2] AndroidManifest.xml:21:5-23:58
MERGED from [com.android.support:support-compat:26.0.2] AndroidManifest.xml:21:5-23:58
INJECTED from src/main/AndroidManifest.xml
INJECTED from src/main/AndroidManifest.xml
	tools:overrideLibrary
		ADDED from [com.android.support:appcompat-v7:26.0.2] AndroidManifest.xml:23:9-75
	android:targetSdkVersion
		INJECTED from src/main/AndroidManifest.xml
		ADDED from src/main/AndroidManifest.xml
		INJECTED from src/main/AndroidManifest.xml
	android:minSdkVersion
		INJECTED from src/main/AndroidManifest.xml
		ADDED from src/main/AndroidManifest.xml
		INJECTED from src/main/AndroidManifest.xml
uses-permission#com.aware.READ_CONTEXT_DATA
ADDED from [com.github.denzilferreira:aware-client:development-SNAPSHOT] AndroidManifest.xml:11:5-67
	android:name
		ADDED from [com.github.denzilferreira:aware-client:development-SNAPSHOT] AndroidManifest.xml:11:22-64
uses-permission#com.aware.WRITE_CONTEXT_DATA
ADDED from [com.github.denzilferreira:aware-client:development-SNAPSHOT] AndroidManifest.xml:12:5-68
	android:name
		ADDED from [com.github.denzilferreira:aware-client:development-SNAPSHOT] AndroidManifest.xml:12:22-65
uses-permission#android.permission.INTERNET
ADDED from [com.github.denzilferreira:aware-client:development-SNAPSHOT] AndroidManifest.xml:14:5-67
MERGED from [com.estimote:sdk:0.11.1] AndroidManifest.xml:15:5-67
MERGED from [com.estimote:sdk:0.11.1] AndroidManifest.xml:15:5-67
	android:name
		ADDED from [com.github.denzilferreira:aware-client:development-SNAPSHOT] AndroidManifest.xml:14:22-64
uses-permission#android.permission.ACCESS_NETWORK_STATE
ADDED from [com.github.denzilferreira:aware-client:development-SNAPSHOT] AndroidManifest.xml:15:5-79
MERGED from [com.estimote:sdk:0.11.1] AndroidManifest.xml:16:5-79
MERGED from [com.estimote:sdk:0.11.1] AndroidManifest.xml:16:5-79
	android:name
		ADDED from [com.github.denzilferreira:aware-client:development-SNAPSHOT] AndroidManifest.xml:15:22-76
uses-permission#android.permission.READ_SYNC_STATS
ADDED from [com.github.denzilferreira:aware-client:development-SNAPSHOT] AndroidManifest.xml:18:5-74
	android:name
		ADDED from [com.github.denzilferreira:aware-client:development-SNAPSHOT] AndroidManifest.xml:18:22-71
uses-permission#android.permission.READ_SYNC_SETTINGS
ADDED from [com.github.denzilferreira:aware-client:development-SNAPSHOT] AndroidManifest.xml:19:5-77
	android:name
		ADDED from [com.github.denzilferreira:aware-client:development-SNAPSHOT] AndroidManifest.xml:19:22-74
uses-permission#android.permission.AUTHENTICATE_ACCOUNTS
ADDED from [com.github.denzilferreira:aware-client:development-SNAPSHOT] AndroidManifest.xml:21:5-23:38
	android:maxSdkVersion
		ADDED from [com.github.denzilferreira:aware-client:development-SNAPSHOT] AndroidManifest.xml:23:9-35
	android:name
		ADDED from [com.github.denzilferreira:aware-client:development-SNAPSHOT] AndroidManifest.xml:22:9-64
uses-permission#android.permission.GET_ACCOUNTS
ADDED from [com.github.denzilferreira:aware-client:development-SNAPSHOT] AndroidManifest.xml:24:5-26:38
	android:maxSdkVersion
		ADDED from [com.github.denzilferreira:aware-client:development-SNAPSHOT] AndroidManifest.xml:26:9-35
	android:name
		ADDED from [com.github.denzilferreira:aware-client:development-SNAPSHOT] AndroidManifest.xml:25:9-55
uses-permission#android.permission.WAKE_LOCK
ADDED from [com.github.denzilferreira:aware-client:development-SNAPSHOT] AndroidManifest.xml:29:5-68
	android:name
		ADDED from [com.github.denzilferreira:aware-client:development-SNAPSHOT] AndroidManifest.xml:29:22-65
uses-permission#android.permission.RECEIVE_BOOT_COMPLETED
ADDED from [com.github.denzilferreira:aware-client:development-SNAPSHOT] AndroidManifest.xml:30:5-81
	android:name
		ADDED from [com.github.denzilferreira:aware-client:development-SNAPSHOT] AndroidManifest.xml:30:22-78
activity#com.aware.ui.ESM_Queue
ADDED from [com.github.denzilferreira:aware-client:development-SNAPSHOT] AndroidManifest.xml:37:9-44:66
	android:excludeFromRecents
		ADDED from [com.github.denzilferreira:aware-client:development-SNAPSHOT] AndroidManifest.xml:40:13-46
	android:launchMode
		ADDED from [com.github.denzilferreira:aware-client:development-SNAPSHOT] AndroidManifest.xml:42:13-43
	android:noHistory
		ADDED from [com.github.denzilferreira:aware-client:development-SNAPSHOT] AndroidManifest.xml:43:13-37
	android:exported
		ADDED from [com.github.denzilferreira:aware-client:development-SNAPSHOT] AndroidManifest.xml:41:13-36
	android:configChanges
		ADDED from [com.github.denzilferreira:aware-client:development-SNAPSHOT] AndroidManifest.xml:39:13-74
	android:theme
		ADDED from [com.github.denzilferreira:aware-client:development-SNAPSHOT] AndroidManifest.xml:44:13-63
	android:name
		ADDED from [com.github.denzilferreira:aware-client:development-SNAPSHOT] AndroidManifest.xml:38:13-50
activity#com.aware.ui.PermissionsHandler
ADDED from [com.github.denzilferreira:aware-client:development-SNAPSHOT] AndroidManifest.xml:45:9-50:66
	android:launchMode
		ADDED from [com.github.denzilferreira:aware-client:development-SNAPSHOT] AndroidManifest.xml:49:13-42
	android:exported
		ADDED from [com.github.denzilferreira:aware-client:development-SNAPSHOT] AndroidManifest.xml:48:13-36
	android:configChanges
		ADDED from [com.github.denzilferreira:aware-client:development-SNAPSHOT] AndroidManifest.xml:47:13-74
	android:theme
		ADDED from [com.github.denzilferreira:aware-client:development-SNAPSHOT] AndroidManifest.xml:50:13-63
	android:name
		ADDED from [com.github.denzilferreira:aware-client:development-SNAPSHOT] AndroidManifest.xml:46:13-59
service#com.aware.utils.Aware_Accounts
ADDED from [com.github.denzilferreira:aware-client:development-SNAPSHOT] AndroidManifest.xml:53:9-61:19
	android:name
		ADDED from [com.github.denzilferreira:aware-client:development-SNAPSHOT] AndroidManifest.xml:53:18-63
intent-filter#android.accounts.AccountAuthenticator
ADDED from [com.github.denzilferreira:aware-client:development-SNAPSHOT] AndroidManifest.xml:54:13-56:29
action#android.accounts.AccountAuthenticator
ADDED from [com.github.denzilferreira:aware-client:development-SNAPSHOT] AndroidManifest.xml:55:17-80
	android:name
		ADDED from [com.github.denzilferreira:aware-client:development-SNAPSHOT] AndroidManifest.xml:55:25-77
meta-data#android.accounts.AccountAuthenticator
ADDED from [com.github.denzilferreira:aware-client:development-SNAPSHOT] AndroidManifest.xml:58:13-60:63
	android:resource
		ADDED from [com.github.denzilferreira:aware-client:development-SNAPSHOT] AndroidManifest.xml:60:17-60
	android:name
		ADDED from [com.github.denzilferreira:aware-client:development-SNAPSHOT] AndroidManifest.xml:59:17-69
service#com.aware.Keyboard
ADDED from [com.github.denzilferreira:aware-client:development-SNAPSHOT] AndroidManifest.xml:64:9-66:39
	android:exported
		ADDED from [com.github.denzilferreira:aware-client:development-SNAPSHOT] AndroidManifest.xml:66:13-36
	android:name
		ADDED from [com.github.denzilferreira:aware-client:development-SNAPSHOT] AndroidManifest.xml:65:13-46
service#com.aware.utils.Scheduler
ADDED from [com.github.denzilferreira:aware-client:development-SNAPSHOT] AndroidManifest.xml:67:9-69:39
	android:exported
		ADDED from [com.github.denzilferreira:aware-client:development-SNAPSHOT] AndroidManifest.xml:69:13-36
	android:name
		ADDED from [com.github.denzilferreira:aware-client:development-SNAPSHOT] AndroidManifest.xml:68:13-53
service#com.aware.Aware
ADDED from [com.github.denzilferreira:aware-client:development-SNAPSHOT] AndroidManifest.xml:70:9-72:39
	android:exported
		ADDED from [com.github.denzilferreira:aware-client:development-SNAPSHOT] AndroidManifest.xml:72:13-36
	android:name
		ADDED from [com.github.denzilferreira:aware-client:development-SNAPSHOT] AndroidManifest.xml:71:13-43
service#com.aware.Aware$JoinStudy
ADDED from [com.github.denzilferreira:aware-client:development-SNAPSHOT] AndroidManifest.xml:73:9-75:39
	android:exported
		ADDED from [com.github.denzilferreira:aware-client:development-SNAPSHOT] AndroidManifest.xml:75:13-36
	android:name
		ADDED from [com.github.denzilferreira:aware-client:development-SNAPSHOT] AndroidManifest.xml:74:13-53
service#com.aware.Applications
ADDED from [com.github.denzilferreira:aware-client:development-SNAPSHOT] AndroidManifest.xml:76:9-90:19
	android:enabled
		ADDED from [com.github.denzilferreira:aware-client:development-SNAPSHOT] AndroidManifest.xml:78:13-57
	android:exported
		ADDED from [com.github.denzilferreira:aware-client:development-SNAPSHOT] AndroidManifest.xml:79:13-36
	android:permission
		ADDED from [com.github.denzilferreira:aware-client:development-SNAPSHOT] AndroidManifest.xml:80:13-79
	android:name
		ADDED from [com.github.denzilferreira:aware-client:development-SNAPSHOT] AndroidManifest.xml:77:13-50
intent-filter#android.accessibilityservice.AccessibilityService+android.accessibilityservice.category.FEEDBACK_GENERIC
ADDED from [com.github.denzilferreira:aware-client:development-SNAPSHOT] AndroidManifest.xml:81:13-85:29
action#android.accessibilityservice.AccessibilityService
ADDED from [com.github.denzilferreira:aware-client:development-SNAPSHOT] AndroidManifest.xml:82:17-92
	android:name
		ADDED from [com.github.denzilferreira:aware-client:development-SNAPSHOT] AndroidManifest.xml:82:25-89
category#android.accessibilityservice.category.FEEDBACK_GENERIC
ADDED from [com.github.denzilferreira:aware-client:development-SNAPSHOT] AndroidManifest.xml:84:17-99
	android:name
		ADDED from [com.github.denzilferreira:aware-client:development-SNAPSHOT] AndroidManifest.xml:84:27-96
meta-data#android.accessibilityservice
ADDED from [com.github.denzilferreira:aware-client:development-SNAPSHOT] AndroidManifest.xml:87:13-89:70
	android:resource
		ADDED from [com.github.denzilferreira:aware-client:development-SNAPSHOT] AndroidManifest.xml:89:17-67
	android:name
		ADDED from [com.github.denzilferreira:aware-client:development-SNAPSHOT] AndroidManifest.xml:88:17-60
service#com.aware.Applications$BackgroundService
ADDED from [com.github.denzilferreira:aware-client:development-SNAPSHOT] AndroidManifest.xml:91:9-93:39
	android:exported
		ADDED from [com.github.denzilferreira:aware-client:development-SNAPSHOT] AndroidManifest.xml:93:13-36
	android:name
		ADDED from [com.github.denzilferreira:aware-client:development-SNAPSHOT] AndroidManifest.xml:92:13-68
service#com.aware.Locations
ADDED from [com.github.denzilferreira:aware-client:development-SNAPSHOT] AndroidManifest.xml:94:9-96:39
	android:exported
		ADDED from [com.github.denzilferreira:aware-client:development-SNAPSHOT] AndroidManifest.xml:96:13-36
	android:name
		ADDED from [com.github.denzilferreira:aware-client:development-SNAPSHOT] AndroidManifest.xml:95:13-47
service#com.aware.Bluetooth
ADDED from [com.github.denzilferreira:aware-client:development-SNAPSHOT] AndroidManifest.xml:97:9-99:39
	android:exported
		ADDED from [com.github.denzilferreira:aware-client:development-SNAPSHOT] AndroidManifest.xml:99:13-36
	android:name
		ADDED from [com.github.denzilferreira:aware-client:development-SNAPSHOT] AndroidManifest.xml:98:13-47
service#com.aware.Screen
ADDED from [com.github.denzilferreira:aware-client:development-SNAPSHOT] AndroidManifest.xml:100:9-102:39
	android:exported
		ADDED from [com.github.denzilferreira:aware-client:development-SNAPSHOT] AndroidManifest.xml:102:13-36
	android:name
		ADDED from [com.github.denzilferreira:aware-client:development-SNAPSHOT] AndroidManifest.xml:101:13-44
service#com.aware.Battery
ADDED from [com.github.denzilferreira:aware-client:development-SNAPSHOT] AndroidManifest.xml:103:9-105:39
	android:exported
		ADDED from [com.github.denzilferreira:aware-client:development-SNAPSHOT] AndroidManifest.xml:105:13-36
	android:name
		ADDED from [com.github.denzilferreira:aware-client:development-SNAPSHOT] AndroidManifest.xml:104:13-45
service#com.aware.Network
ADDED from [com.github.denzilferreira:aware-client:development-SNAPSHOT] AndroidManifest.xml:106:9-108:39
	android:exported
		ADDED from [com.github.denzilferreira:aware-client:development-SNAPSHOT] AndroidManifest.xml:108:13-36
	android:name
		ADDED from [com.github.denzilferreira:aware-client:development-SNAPSHOT] AndroidManifest.xml:107:13-45
service#com.aware.Communication
ADDED from [com.github.denzilferreira:aware-client:development-SNAPSHOT] AndroidManifest.xml:109:9-111:39
	android:exported
		ADDED from [com.github.denzilferreira:aware-client:development-SNAPSHOT] AndroidManifest.xml:111:13-36
	android:name
		ADDED from [com.github.denzilferreira:aware-client:development-SNAPSHOT] AndroidManifest.xml:110:13-51
service#com.aware.Processor
ADDED from [com.github.denzilferreira:aware-client:development-SNAPSHOT] AndroidManifest.xml:112:9-114:39
	android:exported
		ADDED from [com.github.denzilferreira:aware-client:development-SNAPSHOT] AndroidManifest.xml:114:13-36
	android:name
		ADDED from [com.github.denzilferreira:aware-client:development-SNAPSHOT] AndroidManifest.xml:113:13-47
service#com.aware.Timezone
ADDED from [com.github.denzilferreira:aware-client:development-SNAPSHOT] AndroidManifest.xml:115:9-117:39
	android:exported
		ADDED from [com.github.denzilferreira:aware-client:development-SNAPSHOT] AndroidManifest.xml:117:13-36
	android:name
		ADDED from [com.github.denzilferreira:aware-client:development-SNAPSHOT] AndroidManifest.xml:116:13-46
service#com.aware.Mqtt
ADDED from [com.github.denzilferreira:aware-client:development-SNAPSHOT] AndroidManifest.xml:118:9-120:39
	android:exported
		ADDED from [com.github.denzilferreira:aware-client:development-SNAPSHOT] AndroidManifest.xml:120:13-36
	android:name
		ADDED from [com.github.denzilferreira:aware-client:development-SNAPSHOT] AndroidManifest.xml:119:13-42
service#com.aware.Traffic
ADDED from [com.github.denzilferreira:aware-client:development-SNAPSHOT] AndroidManifest.xml:121:9-123:39
	android:exported
		ADDED from [com.github.denzilferreira:aware-client:development-SNAPSHOT] AndroidManifest.xml:123:13-36
	android:name
		ADDED from [com.github.denzilferreira:aware-client:development-SNAPSHOT] AndroidManifest.xml:122:13-45
service#com.aware.Accelerometer
ADDED from [com.github.denzilferreira:aware-client:development-SNAPSHOT] AndroidManifest.xml:124:9-126:39
	android:exported
		ADDED from [com.github.denzilferreira:aware-client:development-SNAPSHOT] AndroidManifest.xml:126:13-36
	android:name
		ADDED from [com.github.denzilferreira:aware-client:development-SNAPSHOT] AndroidManifest.xml:125:13-51
service#com.aware.Gyroscope
ADDED from [com.github.denzilferreira:aware-client:development-SNAPSHOT] AndroidManifest.xml:127:9-129:39
	android:exported
		ADDED from [com.github.denzilferreira:aware-client:development-SNAPSHOT] AndroidManifest.xml:129:13-36
	android:name
		ADDED from [com.github.denzilferreira:aware-client:development-SNAPSHOT] AndroidManifest.xml:128:13-47
service#com.aware.WiFi
ADDED from [com.github.denzilferreira:aware-client:development-SNAPSHOT] AndroidManifest.xml:130:9-132:39
	android:exported
		ADDED from [com.github.denzilferreira:aware-client:development-SNAPSHOT] AndroidManifest.xml:132:13-36
	android:name
		ADDED from [com.github.denzilferreira:aware-client:development-SNAPSHOT] AndroidManifest.xml:131:13-42
service#com.aware.WiFi$BackgroundService
ADDED from [com.github.denzilferreira:aware-client:development-SNAPSHOT] AndroidManifest.xml:133:9-135:39
	android:exported
		ADDED from [com.github.denzilferreira:aware-client:development-SNAPSHOT] AndroidManifest.xml:135:13-36
	android:name
		ADDED from [com.github.denzilferreira:aware-client:development-SNAPSHOT] AndroidManifest.xml:134:13-60
service#com.aware.Telephony
ADDED from [com.github.denzilferreira:aware-client:development-SNAPSHOT] AndroidManifest.xml:136:9-138:39
	android:exported
		ADDED from [com.github.denzilferreira:aware-client:development-SNAPSHOT] AndroidManifest.xml:138:13-36
	android:name
		ADDED from [com.github.denzilferreira:aware-client:development-SNAPSHOT] AndroidManifest.xml:137:13-47
service#com.aware.Rotation
ADDED from [com.github.denzilferreira:aware-client:development-SNAPSHOT] AndroidManifest.xml:139:9-141:39
	android:exported
		ADDED from [com.github.denzilferreira:aware-client:development-SNAPSHOT] AndroidManifest.xml:141:13-36
	android:name
		ADDED from [com.github.denzilferreira:aware-client:development-SNAPSHOT] AndroidManifest.xml:140:13-46
service#com.aware.Light
ADDED from [com.github.denzilferreira:aware-client:development-SNAPSHOT] AndroidManifest.xml:142:9-144:39
	android:exported
		ADDED from [com.github.denzilferreira:aware-client:development-SNAPSHOT] AndroidManifest.xml:144:13-36
	android:name
		ADDED from [com.github.denzilferreira:aware-client:development-SNAPSHOT] AndroidManifest.xml:143:13-43
service#com.aware.Proximity
ADDED from [com.github.denzilferreira:aware-client:development-SNAPSHOT] AndroidManifest.xml:145:9-147:39
	android:exported
		ADDED from [com.github.denzilferreira:aware-client:development-SNAPSHOT] AndroidManifest.xml:147:13-36
	android:name
		ADDED from [com.github.denzilferreira:aware-client:development-SNAPSHOT] AndroidManifest.xml:146:13-47
service#com.aware.Magnetometer
ADDED from [com.github.denzilferreira:aware-client:development-SNAPSHOT] AndroidManifest.xml:148:9-150:39
	android:exported
		ADDED from [com.github.denzilferreira:aware-client:development-SNAPSHOT] AndroidManifest.xml:150:13-36
	android:name
		ADDED from [com.github.denzilferreira:aware-client:development-SNAPSHOT] AndroidManifest.xml:149:13-50
service#com.aware.Barometer
ADDED from [com.github.denzilferreira:aware-client:development-SNAPSHOT] AndroidManifest.xml:151:9-153:39
	android:exported
		ADDED from [com.github.denzilferreira:aware-client:development-SNAPSHOT] AndroidManifest.xml:153:13-36
	android:name
		ADDED from [com.github.denzilferreira:aware-client:development-SNAPSHOT] AndroidManifest.xml:152:13-47
service#com.aware.Gravity
ADDED from [com.github.denzilferreira:aware-client:development-SNAPSHOT] AndroidManifest.xml:154:9-156:39
	android:exported
		ADDED from [com.github.denzilferreira:aware-client:development-SNAPSHOT] AndroidManifest.xml:156:13-36
	android:name
		ADDED from [com.github.denzilferreira:aware-client:development-SNAPSHOT] AndroidManifest.xml:155:13-45
service#com.aware.LinearAccelerometer
ADDED from [com.github.denzilferreira:aware-client:development-SNAPSHOT] AndroidManifest.xml:157:9-159:39
	android:exported
		ADDED from [com.github.denzilferreira:aware-client:development-SNAPSHOT] AndroidManifest.xml:159:13-36
	android:name
		ADDED from [com.github.denzilferreira:aware-client:development-SNAPSHOT] AndroidManifest.xml:158:13-57
service#com.aware.Temperature
ADDED from [com.github.denzilferreira:aware-client:development-SNAPSHOT] AndroidManifest.xml:160:9-162:39
	android:exported
		ADDED from [com.github.denzilferreira:aware-client:development-SNAPSHOT] AndroidManifest.xml:162:13-36
	android:name
		ADDED from [com.github.denzilferreira:aware-client:development-SNAPSHOT] AndroidManifest.xml:161:13-49
service#com.aware.ESM
ADDED from [com.github.denzilferreira:aware-client:development-SNAPSHOT] AndroidManifest.xml:163:9-165:39
	android:exported
		ADDED from [com.github.denzilferreira:aware-client:development-SNAPSHOT] AndroidManifest.xml:165:13-36
	android:name
		ADDED from [com.github.denzilferreira:aware-client:development-SNAPSHOT] AndroidManifest.xml:164:13-41